This is XeTeX, Version 3.141592653-2.6-0.999995 (MiKTeX 24.1) (preloaded format=xelatex 2025.11.17)  17 DEC 2025 06:30
entering extended mode
 restricted \write18 enabled.
 file:line:error style messages enabled.
 %&-line parsing enabled.
**"d:/TA/Repo TA/Eja-ProposalTA/ProposalTA.tex"
(d:/TA/Repo TA/Eja-ProposalTA/ProposalTA.tex
LaTeX2e <2023-11-01> patch level 1
L3 programming layer <2024-01-04>
(C:\Users\E J A\AppData\Local\Programs\MiKTeX\tex/latex/base\book.cls
Document Class: book 2023/05/17 v1.4n Standard LaTeX document class
(C:\Users\E J A\AppData\Local\Programs\MiKTeX\tex/latex/base\bk12.clo
File: bk12.clo 2023/05/17 v1.4n Standard LaTeX file (size option)
)
\c@part=\count183
\c@chapter=\count184
\c@section=\count185
\c@subsection=\count186
\c@subsubsection=\count187
\c@paragraph=\count188
\c@subparagraph=\count189
\c@figure=\count190
\c@table=\count191
\abovecaptionskip=\skip48
\belowcaptionskip=\skip49
\bibindent=\dimen140
)
(C:\Users\E J A\AppData\Local\Programs\MiKTeX\tex/latex/base\inputenc.sty
Package: inputenc 2021/02/14 v1.3d Input encoding file
\inpenc@prehook=\toks17
\inpenc@posthook=\toks18


Package inputenc Warning: inputenc package ignored with utf8 based engines.

) (C:\Users\E J A\AppData\Local\Programs\MiKTeX\tex/latex/fontspec\fontspec.sty

(C:\Users\E J A\AppData\Local\Programs\MiKTeX\tex/latex/l3packages/xparse\xpars
e.sty
(C:\Users\E J A\AppData\Local\Programs\MiKTeX\tex/latex/l3kernel\expl3.sty
Package: expl3 2024-01-04 L3 programming layer (loader) 

(C:\Users\E J A\AppData\Local\Programs\MiKTeX\tex/latex/l3backend\l3backend-xet
ex.def
File: l3backend-xetex.def 2024-01-04 L3 backend support: XeTeX
\g__graphics_track_int=\count192
\l__pdf_internal_box=\box51
\g__pdf_backend_object_int=\count193
\g__pdf_backend_annotation_int=\count194
\g__pdf_backend_link_int=\count195
))
Package: xparse 2023-10-10 L3 Experimental document command parser
)
Package: fontspec 2022/01/15 v2.8a Font selection for XeLaTeX and LuaLaTeX

(C:\Users\E J A\AppData\Local\Programs\MiKTeX\tex/latex/fontspec\fontspec-xetex
.sty
Package: fontspec-xetex 2022/01/15 v2.8a Font selection for XeLaTeX and LuaLaTe
X
\l__fontspec_script_int=\count196
\l__fontspec_language_int=\count197
\l__fontspec_strnum_int=\count198
\l__fontspec_tmp_int=\count199
\l__fontspec_tmpa_int=\count266
\l__fontspec_tmpb_int=\count267
\l__fontspec_tmpc_int=\count268
\l__fontspec_em_int=\count269
\l__fontspec_emdef_int=\count270
\l__fontspec_strong_int=\count271
\l__fontspec_strongdef_int=\count272
\l__fontspec_tmpa_dim=\dimen141
\l__fontspec_tmpb_dim=\dimen142
\l__fontspec_tmpc_dim=\dimen143
 (C:\Users\E J A\AppData\Local\Programs\MiKTeX\tex/latex/base\fontenc.sty
Package: fontenc 2021/04/29 v2.0v Standard LaTeX package
)
(C:\Users\E J A\AppData\Local\Programs\MiKTeX\tex/latex/fontspec\fontspec.cfg))
)

Package fontspec Info: Font family 'TimesNewRoman(0)' created for font 'Times
(fontspec)             New Roman' with options [Ligatures=TeX].
(fontspec)              
(fontspec)              This font family consists of the following NFSS
(fontspec)             series/shapes:
(fontspec)              
(fontspec)             - 'normal' (m/n) with NFSS spec.: <->"Times New
(fontspec)             Roman/OT:script=latn;language=dflt;mapping=tex-text;"
(fontspec)             - 'small caps'  (m/sc) with NFSS spec.: <->"Times New
(fontspec)             Roman/OT:script=latn;language=dflt;+smcp;mapping=tex-tex
t;"
(fontspec)             - 'bold' (b/n) with NFSS spec.: <->"Times New
(fontspec)             Roman/B/OT:script=latn;language=dflt;mapping=tex-text;"
(fontspec)             - 'bold small caps'  (b/sc) with NFSS spec.: <->"Times
(fontspec)             New
(fontspec)             Roman/B/OT:script=latn;language=dflt;+smcp;mapping=tex-t
ext;"
(fontspec)             - 'italic' (m/it) with NFSS spec.: <->"Times New
(fontspec)             Roman/I/OT:script=latn;language=dflt;mapping=tex-text;"
(fontspec)             - 'italic small caps'  (m/scit) with NFSS spec.:
(fontspec)             <->"Times New
(fontspec)             Roman/I/OT:script=latn;language=dflt;+smcp;mapping=tex-t
ext;"
(fontspec)             - 'bold italic' (b/it) with NFSS spec.: <->"Times New
(fontspec)             Roman/BI/OT:script=latn;language=dflt;mapping=tex-text;"

(fontspec)             - 'bold italic small caps'  (b/scit) with NFSS spec.:
(fontspec)             <->"Times New
(fontspec)             Roman/BI/OT:script=latn;language=dflt;+smcp;mapping=tex-
text;"

 (C:\Users\E J A\AppData\Local\Programs\MiKTeX\tex/latex/geometry\geometry.sty
Package: geometry 2020/01/02 v5.9 Page Geometry
(C:\Users\E J A\AppData\Local\Programs\MiKTeX\tex/latex/graphics\keyval.sty
Package: keyval 2022/05/29 v1.15 key=value parser (DPC)
\KV@toks@=\toks19
)
(C:\Users\E J A\AppData\Local\Programs\MiKTeX\tex/generic/iftex\ifvtex.sty
Package: ifvtex 2019/10/25 v1.7 ifvtex legacy package. Use iftex instead.

(C:\Users\E J A\AppData\Local\Programs\MiKTeX\tex/generic/iftex\iftex.sty
Package: iftex 2022/02/03 v1.0f TeX engine tests
))
\Gm@cnth=\count273
\Gm@cntv=\count274
\c@Gm@tempcnt=\count275
\Gm@bindingoffset=\dimen144
\Gm@wd@mp=\dimen145
\Gm@odd@mp=\dimen146
\Gm@even@mp=\dimen147
\Gm@layoutwidth=\dimen148
\Gm@layoutheight=\dimen149
\Gm@layouthoffset=\dimen150
\Gm@layoutvoffset=\dimen151
\Gm@dimlist=\toks20

(C:\Users\E J A\AppData\Local\Programs\MiKTeX\tex/latex/geometry\geometry.cfg))
(C:\Users\E J A\AppData\Local\Programs\MiKTeX\tex/generic/babel\babel.sty
Package: babel 2024/01/07 v24.1 The Babel package
\babel@savecnt=\count276
\U@D=\dimen152
\l@unhyphenated=\language79

(C:\Users\E J A\AppData\Local\Programs\MiKTeX\tex/generic/babel\xebabel.def)
\bbl@readstream=\read2
\bbl@dirlevel=\count277

*************************************
* Local config file bblopts.cfg used
*
(C:\Users\E J A\AppData\Local\Programs\MiKTeX\tex/latex/arabi\bblopts.cfg
File: bblopts.cfg 2005/09/08 v0.1 add Arabic and Farsi to "declared" options of
 babel
)
(C:\Users\E J A\AppData\Local\Programs\MiKTeX\tex/latex/babel-indonesian\indone
sian.ldf
Language: indonesian 2025/06/01 v1.0n Bahasa Indonesia support from the babel s
ystem
))
(C:\Users\E J A\AppData\Local\Programs\MiKTeX\tex/generic/babel/locale/id\babel
-indonesian.tex
Package babel Info: Importing font and identification data for indonesian
(babel)             from babel-id.ini. Reported on input line 11.
)
(C:\Users\E J A\AppData\Local\Programs\MiKTeX\tex/latex/csquotes\csquotes.sty
Package: csquotes 2024-04-04 v5.2o context-sensitive quotations (JAW)

(C:\Users\E J A\AppData\Local\Programs\MiKTeX\tex/latex/etoolbox\etoolbox.sty
Package: etoolbox 2020/10/05 v2.5k e-TeX tools for LaTeX (JAW)
\etb@tempcnta=\count278
)
\csq@reset=\count279
\csq@gtype=\count280
\csq@glevel=\count281
\csq@qlevel=\count282
\csq@maxlvl=\count283
\csq@tshold=\count284
\csq@ltx@everypar=\toks21

(C:\Users\E J A\AppData\Local\Programs\MiKTeX\tex/latex/csquotes\csquotes.def
File: csquotes.def 2024-04-04 v5.2o csquotes generic definitions (JAW)
)
Package csquotes Info: Trying to load configuration file 'csquotes.cfg'...
Package csquotes Info: ... configuration file loaded successfully.

(C:\Users\E J A\AppData\Local\Programs\MiKTeX\tex/latex/csquotes\csquotes.cfg
File: csquotes.cfg 
)) (C:\Users\E J A\AppData\Local\Programs\MiKTeX\tex/latex/setspace\setspace.st
y
Package: setspace 2022/12/04 v6.7b set line spacing
) (C:\Users\E J A\AppData\Local\Programs\MiKTeX\tex/latex/graphics\graphicx.sty
Package: graphicx 2021/09/16 v1.2d Enhanced LaTeX Graphics (DPC,SPQR)

(C:\Users\E J A\AppData\Local\Programs\MiKTeX\tex/latex/graphics\graphics.sty
Package: graphics 2022/03/10 v1.4e Standard LaTeX Graphics (DPC,SPQR)

(C:\Users\E J A\AppData\Local\Programs\MiKTeX\tex/latex/graphics\trig.sty
Package: trig 2021/08/11 v1.11 sin cos tan (DPC)
)
(C:\Users\E J A\AppData\Local\Programs\MiKTeX\tex/latex/graphics-cfg\graphics.c
fg
File: graphics.cfg 2016/06/04 v1.11 sample graphics configuration
)
Package graphics Info: Driver file: xetex.def on input line 107.

(C:\Users\E J A\AppData\Local\Programs\MiKTeX\tex/latex/graphics-def\xetex.def
File: xetex.def 2022/09/22 v5.0n Graphics/color driver for xetex
))
\Gin@req@height=\dimen153
\Gin@req@width=\dimen154
) (C:\Users\E J A\AppData\Local\Programs\MiKTeX\tex/latex/caption\caption.sty
Package: caption 2023/08/05 v3.6o Customizing captions (AR)

(C:\Users\E J A\AppData\Local\Programs\MiKTeX\tex/latex/caption\caption3.sty
Package: caption3 2023/07/31 v2.4d caption3 kernel (AR)
\caption@tempdima=\dimen155
\captionmargin=\dimen156
\caption@leftmargin=\dimen157
\caption@rightmargin=\dimen158
\caption@width=\dimen159
\caption@indent=\dimen160
\caption@parindent=\dimen161
\caption@hangindent=\dimen162
Package caption Info: Standard document class detected.
)
\c@caption@flags=\count285
\c@continuedfloat=\count286
)
(C:\Users\E J A\AppData\Local\Programs\MiKTeX\tex/latex/caption\subcaption.sty
Package: subcaption 2023/07/28 v1.6b Sub-captions (AR)
Package caption Info: New subtype `subfigure' on input line 238.
\c@subfigure=\count287
Package caption Info: New subtype `subtable' on input line 238.
\c@subtable=\count288
) (C:\Users\E J A\AppData\Local\Programs\MiKTeX\tex/latex/hyperref\hyperref.sty
Package: hyperref 2023-11-26 v7.01g Hypertext links for LaTeX

(C:\Users\E J A\AppData\Local\Programs\MiKTeX\tex/generic/infwarerr\infwarerr.s
ty
Package: infwarerr 2019/12/03 v1.5 Providing info/warning/error messages (HO)
)
(C:\Users\E J A\AppData\Local\Programs\MiKTeX\tex/latex/kvsetkeys\kvsetkeys.sty
Package: kvsetkeys 2022-10-05 v1.19 Key value parser (HO)
)
(C:\Users\E J A\AppData\Local\Programs\MiKTeX\tex/generic/kvdefinekeys\kvdefine
keys.sty
Package: kvdefinekeys 2019-12-19 v1.6 Define keys (HO)
)
(C:\Users\E J A\AppData\Local\Programs\MiKTeX\tex/generic/pdfescape\pdfescape.s
ty
Package: pdfescape 2019/12/09 v1.15 Implements pdfTeX's escape features (HO)

(C:\Users\E J A\AppData\Local\Programs\MiKTeX\tex/generic/ltxcmds\ltxcmds.sty
Package: ltxcmds 2023-12-04 v1.26 LaTeX kernel commands for general use (HO)
)
(C:\Users\E J A\AppData\Local\Programs\MiKTeX\tex/generic/pdftexcmds\pdftexcmds
.sty
Package: pdftexcmds 2020-06-27 v0.33 Utility functions of pdfTeX for LuaTeX (HO
)
Package pdftexcmds Info: \pdf@primitive is available.
Package pdftexcmds Info: \pdf@ifprimitive is available.
Package pdftexcmds Info: \pdfdraftmode not found.
))
(C:\Users\E J A\AppData\Local\Programs\MiKTeX\tex/latex/hycolor\hycolor.sty
Package: hycolor 2020-01-27 v1.10 Color options for hyperref/bookmark (HO)
)
(C:\Users\E J A\AppData\Local\Programs\MiKTeX\tex/latex/letltxmacro\letltxmacro
.sty
Package: letltxmacro 2019/12/03 v1.6 Let assignment for LaTeX macros (HO)
)
(C:\Users\E J A\AppData\Local\Programs\MiKTeX\tex/latex/auxhook\auxhook.sty
Package: auxhook 2019-12-17 v1.6 Hooks for auxiliary files (HO)
)
(C:\Users\E J A\AppData\Local\Programs\MiKTeX\tex/latex/hyperref\nameref.sty
Package: nameref 2023-11-26 v2.56 Cross-referencing by name of section

(C:\Users\E J A\AppData\Local\Programs\MiKTeX\tex/latex/refcount\refcount.sty
Package: refcount 2019/12/15 v3.6 Data extraction from label references (HO)
)
(C:\Users\E J A\AppData\Local\Programs\MiKTeX\tex/generic/gettitlestring\gettit
lestring.sty
Package: gettitlestring 2019/12/15 v1.6 Cleanup title references (HO)

(C:\Users\E J A\AppData\Local\Programs\MiKTeX\tex/latex/kvoptions\kvoptions.sty
Package: kvoptions 2022-06-15 v3.15 Key value format for package options (HO)
))
\c@section@level=\count289
)
\@linkdim=\dimen163
\Hy@linkcounter=\count290
\Hy@pagecounter=\count291
 (C:\Users\E J A\AppData\Local\Programs\MiKTeX\tex/latex/hyperref\pd1enc.def
File: pd1enc.def 2023-11-26 v7.01g Hyperref: PDFDocEncoding definition (HO)
) (C:\Users\E J A\AppData\Local\Programs\MiKTeX\tex/generic/intcalc\intcalc.sty
Package: intcalc 2019/12/15 v1.3 Expandable calculations with integers (HO)
)
\Hy@SavedSpaceFactor=\count292
 (C:\Users\E J A\AppData\Local\Programs\MiKTeX\tex/latex/hyperref\puenc.def
File: puenc.def 2023-11-26 v7.01g Hyperref: PDF Unicode definition (HO)
)
Package hyperref Info: Hyper figures OFF on input line 4181.
Package hyperref Info: Link nesting OFF on input line 4186.
Package hyperref Info: Hyper index ON on input line 4189.
Package hyperref Info: Plain pages OFF on input line 4196.
Package hyperref Info: Backreferencing OFF on input line 4201.
Package hyperref Info: Implicit mode ON; LaTeX internals redefined.
Package hyperref Info: Bookmarks ON on input line 4448.
\c@Hy@tempcnt=\count293

(C:\Users\E J A\AppData\Local\Programs\MiKTeX\tex/latex/url\url.sty
\Urlmuskip=\muskip16
Package: url 2013/09/16  ver 3.4  Verb mode for urls, etc.
)
LaTeX Info: Redefining \url on input line 4786.
\XeTeXLinkMargin=\dimen164

(C:\Users\E J A\AppData\Local\Programs\MiKTeX\tex/generic/bitset\bitset.sty
Package: bitset 2019/12/09 v1.3 Handle bit-vector datatype (HO)

(C:\Users\E J A\AppData\Local\Programs\MiKTeX\tex/generic/bigintcalc\bigintcalc
.sty
Package: bigintcalc 2019/12/15 v1.5 Expandable calculations on big integers (HO
)
))
\Fld@menulength=\count294
\Field@Width=\dimen165
\Fld@charsize=\dimen166
Package hyperref Info: Hyper figures OFF on input line 6065.
Package hyperref Info: Link nesting OFF on input line 6070.
Package hyperref Info: Hyper index ON on input line 6073.
Package hyperref Info: backreferencing OFF on input line 6080.
Package hyperref Info: Link coloring OFF on input line 6085.
Package hyperref Info: Link coloring with OCG OFF on input line 6090.
Package hyperref Info: PDF/A mode OFF on input line 6095.

(C:\Users\E J A\AppData\Local\Programs\MiKTeX\tex/latex/base\atbegshi-ltx.sty
Package: atbegshi-ltx 2021/01/10 v1.0c Emulation of the original atbegshi
package with kernel methods
)
\Hy@abspage=\count295
\c@Item=\count296
\c@Hfootnote=\count297
)
Package hyperref Info: Driver (autodetected): hxetex.
(C:\Users\E J A\AppData\Local\Programs\MiKTeX\tex/latex/hyperref\hxetex.def
File: hxetex.def 2023-11-26 v7.01g Hyperref driver for XeTeX

(C:\Users\E J A\AppData\Local\Programs\MiKTeX\tex/generic/stringenc\stringenc.s
ty
Package: stringenc 2019/11/29 v1.12 Convert strings between diff. encodings (HO
)
)
\pdfm@box=\box52
\c@Hy@AnnotLevel=\count298
\HyField@AnnotCount=\count299
\Fld@listcount=\count300
\c@bookmark@seq@number=\count301

(C:\Users\E J A\AppData\Local\Programs\MiKTeX\tex/latex/rerunfilecheck\rerunfil
echeck.sty
Package: rerunfilecheck 2025-06-21 v1.11 Rerun checks for auxiliary files (HO)

(C:\Users\E J A\AppData\Local\Programs\MiKTeX\tex/generic/uniquecounter\uniquec
ounter.sty
Package: uniquecounter 2019/12/15 v1.4 Provide unlimited unique counter (HO)
)
Package uniquecounter Info: New unique counter `rerunfilecheck' on input line 2
84.
)
\Hy@SectionHShift=\skip50
)
(C:\Users\E J A\AppData\Local\Programs\MiKTeX\tex/latex/titlesec\titlesec.sty
Package: titlesec 2025/01/04 v2.17 Sectioning titles
\ttl@box=\box53
\beforetitleunit=\skip51
\aftertitleunit=\skip52
\ttl@plus=\dimen167
\ttl@minus=\dimen168
\ttl@toksa=\toks22
\titlewidth=\dimen169
\titlewidthlast=\dimen170
\titlewidthfirst=\dimen171
)
(C:\Users\E J A\AppData\Local\Programs\MiKTeX\tex/latex/tocloft\tocloft.sty
Package: tocloft 2017/08/31 v2.3i parameterised ToC, etc., typesetting
Package tocloft Info: The document has chapter divisions on input line 51.
\cftparskip=\skip53
\cftbeforetoctitleskip=\skip54
\cftaftertoctitleskip=\skip55
\cftbeforepartskip=\skip56
\cftpartnumwidth=\skip57
\cftpartindent=\skip58
\cftbeforechapskip=\skip59
\cftchapindent=\skip60
\cftchapnumwidth=\skip61
\cftbeforesecskip=\skip62
\cftsecindent=\skip63
\cftsecnumwidth=\skip64
\cftbeforesubsecskip=\skip65
\cftsubsecindent=\skip66
\cftsubsecnumwidth=\skip67
\cftbeforesubsubsecskip=\skip68
\cftsubsubsecindent=\skip69
\cftsubsubsecnumwidth=\skip70
\cftbeforeparaskip=\skip71
\cftparaindent=\skip72
\cftparanumwidth=\skip73
\cftbeforesubparaskip=\skip74
\cftsubparaindent=\skip75
\cftsubparanumwidth=\skip76
\cftbeforeloftitleskip=\skip77
\cftafterloftitleskip=\skip78
\cftbeforefigskip=\skip79
\cftfigindent=\skip80
\cftfignumwidth=\skip81
\c@lofdepth=\count302
\c@lotdepth=\count303
\cftbeforelottitleskip=\skip82
\cftafterlottitleskip=\skip83
\cftbeforetabskip=\skip84
\cfttabindent=\skip85
\cfttabnumwidth=\skip86
)
(C:\Users\E J A\AppData\Local\Programs\MiKTeX\tex/latex/lipsum\lipsum.sty
(C:\Users\E J A\AppData\Local\Programs\MiKTeX\tex/latex/l3packages/l3keys2e\l3k
eys2e.sty
Package: l3keys2e 2023-10-10 LaTeX2e option processing using LaTeX3 keys
)
Package: lipsum 2021-09-20 v2.7 150 paragraphs of Lorem Ipsum dummy text
\g__lipsum_par_int=\count304
\l__lipsum_a_int=\count305
\l__lipsum_b_int=\count306

(C:\Users\E J A\AppData\Local\Programs\MiKTeX\tex/latex/lipsum\lipsum.ltd.tex))
(C:\Users\E J A\AppData\Local\Programs\MiKTeX\tex/latex/floatrow\floatrow.sty
Package: floatrow 2008/08/02 v0.3b floatrow: float package extension
\c@float@type=\count307
\float@exts=\toks23
\float@box=\box54
\@floatcapt=\box55
Package floatrow Info: Modified float package code loaded on input line 455.
Package floatrow Info: Modified rotfloat package code loaded on input line 473.

\FR@everyfloat=\toks24
\flrow@foot=\insert252
\FB@wd=\dimen172
\FBo@wd=\dimen173
\FBc@wd=\dimen174
\FBo@ht=\skip87
\FBc@ht=\skip88
\FBf@ht=\skip89
\FBo@max=\skip90
\FBc@max=\skip91
\FBf@max=\skip92
\c@FBl@b=\count308
\floatbox@depth=\count309
\c@FRobj=\count310
\c@FRsobj=\count311
\Xhsize=\skip93
\sXhsize=\skip94
\Zhsize=\skip95
\sZhsize=\skip96
\flrow@rowbox=\box56
\FR@Zunitlength=\dimen175
\c@FBcnt=\count312
\FPOScnt=\count313
\LTleft=\skip97
\LTright=\skip98
\LTleft=\skip99
\LTright=\skip100
\flrow@types=\toks25
)
(C:\Users\E J A\AppData\Local\Programs\MiKTeX\tex/latex/multirow\multirow.sty
Package: multirow 2024/11/12 v2.9 Span multiple rows of a table
\multirow@colwidth=\skip101
\multirow@cntb=\count314
\multirow@dima=\skip102
\bigstrutjot=\dimen176
)
(C:\Users\E J A\AppData\Local\Programs\MiKTeX\tex/latex/listings\listings.sty
\lst@mode=\count315
\lst@gtempboxa=\box57
\lst@token=\toks26
\lst@length=\count316
\lst@currlwidth=\dimen177
\lst@column=\count317
\lst@pos=\count318
\lst@lostspace=\dimen178
\lst@width=\dimen179
\lst@newlines=\count319
\lst@lineno=\count320
\lst@maxwidth=\dimen180

(C:\Users\E J A\AppData\Local\Programs\MiKTeX\tex/latex/listings\lstmisc.sty
File: lstmisc.sty 2023/02/27 1.9 (Carsten Heinz)
\c@lstnumber=\count321
\lst@skipnumbers=\count322
\lst@framebox=\box58
)
(C:\Users\E J A\AppData\Local\Programs\MiKTeX\tex/latex/listings\listings.cfg
File: listings.cfg 2023/02/27 1.9 listings configuration
))
Package: listings 2023/02/27 1.9 (Carsten Heinz)
(C:\Users\E J A\AppData\Local\Programs\MiKTeX\tex/latex/amsmath\amsmath.sty
Package: amsmath 2023/05/13 v2.17o AMS math features
\@mathmargin=\skip103

For additional information on amsmath, use the `?' option.
(C:\Users\E J A\AppData\Local\Programs\MiKTeX\tex/latex/amsmath\amstext.sty
Package: amstext 2021/08/26 v2.01 AMS text

(C:\Users\E J A\AppData\Local\Programs\MiKTeX\tex/latex/amsmath\amsgen.sty
File: amsgen.sty 1999/11/30 v2.0 generic functions
\@emptytoks=\toks27
\ex@=\dimen181
))
(C:\Users\E J A\AppData\Local\Programs\MiKTeX\tex/latex/amsmath\amsbsy.sty
Package: amsbsy 1999/11/29 v1.2d Bold Symbols
\pmbraise@=\dimen182
)
(C:\Users\E J A\AppData\Local\Programs\MiKTeX\tex/latex/amsmath\amsopn.sty
Package: amsopn 2022/04/08 v2.04 operator names
)
\inf@bad=\count323
LaTeX Info: Redefining \frac on input line 234.
\uproot@=\count324
\leftroot@=\count325
LaTeX Info: Redefining \overline on input line 399.
LaTeX Info: Redefining \colon on input line 410.
\classnum@=\count326
\DOTSCASE@=\count327
LaTeX Info: Redefining \ldots on input line 496.
LaTeX Info: Redefining \dots on input line 499.
LaTeX Info: Redefining \cdots on input line 620.
\Mathstrutbox@=\box59
\strutbox@=\box60
LaTeX Info: Redefining \big on input line 722.
LaTeX Info: Redefining \Big on input line 723.
LaTeX Info: Redefining \bigg on input line 724.
LaTeX Info: Redefining \Bigg on input line 725.
\big@size=\dimen183
LaTeX Font Info:    Redeclaring font encoding OML on input line 743.
LaTeX Font Info:    Redeclaring font encoding OMS on input line 744.
\macc@depth=\count328
LaTeX Info: Redefining \bmod on input line 905.
LaTeX Info: Redefining \pmod on input line 910.
LaTeX Info: Redefining \smash on input line 940.
LaTeX Info: Redefining \relbar on input line 970.
LaTeX Info: Redefining \Relbar on input line 971.
\c@MaxMatrixCols=\count329
\dotsspace@=\muskip17
\c@parentequation=\count330
\dspbrk@lvl=\count331
\tag@help=\toks28
\row@=\count332
\column@=\count333
\maxfields@=\count334
\andhelp@=\toks29
\eqnshift@=\dimen184
\alignsep@=\dimen185
\tagshift@=\dimen186
\tagwidth@=\dimen187
\totwidth@=\dimen188
\lineht@=\dimen189
\@envbody=\toks30
\multlinegap=\skip104
\multlinetaggap=\skip105
\mathdisplay@stack=\toks31
LaTeX Info: Redefining \[ on input line 2953.
LaTeX Info: Redefining \] on input line 2954.
)
(C:\Users\E J A\AppData\Local\Programs\MiKTeX\tex/latex/amsfonts\amssymb.sty
Package: amssymb 2013/01/14 v3.01 AMS font symbols

(C:\Users\E J A\AppData\Local\Programs\MiKTeX\tex/latex/amsfonts\amsfonts.sty
Package: amsfonts 2013/01/14 v3.01 Basic AMSFonts support
\symAMSa=\mathgroup4
\symAMSb=\mathgroup5
LaTeX Font Info:    Redeclaring math symbol \hbar on input line 98.
LaTeX Font Info:    Overwriting math alphabet `\mathfrak' in version `bold'
(Font)                  U/euf/m/n --> U/euf/b/n on input line 106.
)) (C:\Users\E J A\AppData\Local\Programs\MiKTeX\tex/latex/enumitem\enumitem.st
y
Package: enumitem 2025/02/06 v3.11 Customized lists
\labelindent=\skip106
\enit@outerparindent=\dimen190
\enit@toks=\toks32
\enit@inbox=\box61
\enit@count@id=\count335
\enitdp@description=\count336
) (C:\Users\E J A\AppData\Local\Programs\MiKTeX\tex/latex/parskip\parskip.sty
Package: parskip 2021-03-14 v2.0h non-zero parskip adjustments
)
(C:\Users\E J A\AppData\Local\Programs\MiKTeX\tex/latex/tools\longtable.sty
Package: longtable 2023-11-01 v4.19 Multi-page Table package (DPC)
\LTleft=\skip107
\LTright=\skip108
\LTpre=\skip109
\LTpost=\skip110
\LTchunksize=\count337
\LTcapwidth=\dimen191
\LT@head=\box62
\LT@firsthead=\box63
\LT@foot=\box64
\LT@lastfoot=\box65
\LT@gbox=\box66
\LT@cols=\count338
\LT@rows=\count339
\c@LT@tables=\count340
\c@LT@chunks=\count341
\LT@p@ftn=\toks33
)
(C:\Users\E J A\AppData\Local\Programs\MiKTeX\tex/latex/booktabs\booktabs.sty
Package: booktabs 2020/01/12 v1.61803398 Publication quality tables
\heavyrulewidth=\dimen192
\lightrulewidth=\dimen193
\cmidrulewidth=\dimen194
\belowrulesep=\dimen195
\belowbottomsep=\dimen196
\aboverulesep=\dimen197
\abovetopsep=\dimen198
\cmidrulesep=\dimen199
\cmidrulekern=\dimen256
\defaultaddspace=\dimen257
\@cmidla=\count342
\@cmidlb=\count343
\@aboverulesep=\dimen258
\@belowrulesep=\dimen259
\@thisruleclass=\count344
\@lastruleclass=\count345
\@thisrulewidth=\dimen260
)
(C:\Users\E J A\AppData\Local\Programs\MiKTeX\tex/latex/tools\tabularx.sty
Package: tabularx 2023/07/08 v2.11c `tabularx' package (DPC)

(C:\Users\E J A\AppData\Local\Programs\MiKTeX\tex/latex/tools\array.sty
Package: array 2023/10/16 v2.5g Tabular extension package (FMi)
\col@sep=\dimen261
\ar@mcellbox=\box67
\extrarowheight=\dimen262
\NC@list=\toks34
\extratabsurround=\skip111
\backup@length=\skip112
\ar@cellbox=\box68
)
\TX@col@width=\dimen263
\TX@old@table=\dimen264
\TX@old@col=\dimen265
\TX@target=\dimen266
\TX@delta=\dimen267
\TX@cols=\count346
\TX@ftn=\toks35
)
(C:\Users\E J A\AppData\Local\Programs\MiKTeX\tex/latex/datetime2\datetime2.sty
Package: datetime2 2021/03/21 v1.5.7 (NLCT) date and time formats

(C:\Users\E J A\AppData\Local\Programs\MiKTeX\tex/latex/tracklang\tracklang.sty
Package: tracklang 2025/03/11 v1.6.6 (NLCT) Track Languages

(C:\Users\E J A\AppData\Local\Programs\MiKTeX\tex/generic/tracklang\tracklang.t
ex)
Package tracklang Info: Tracking dialect `indonesian' (language `bahasai') on i
nput line 264.
Package tracklang Info: Tracking dialect `indonesian' (language `bahasai') on i
nput line 264.
)
(C:\Users\E J A\AppData\Local\Programs\MiKTeX\tex/latex/xkeyval\xkeyval.sty
Package: xkeyval 2022/06/16 v2.9 package option processing (HA)

(C:\Users\E J A\AppData\Local\Programs\MiKTeX\tex/generic/xkeyval\xkeyval.tex
(C:\Users\E J A\AppData\Local\Programs\MiKTeX\tex/generic/xkeyval\xkvutils.tex
\XKV@toks=\toks36
\XKV@tempa@toks=\toks37
)
\XKV@depth=\count347
File: xkeyval.tex 2014/12/03 v2.7a key=value parser (HA)
))
Package tracklang Info: Tracking dialect `bahasai' (language `bahasai') on inpu
t line 217.

(C:\Users\E J A\AppData\Local\Programs\MiKTeX\tex/latex/datetime2-bahasai\datet
ime2-bahasai.ldf
File: datetime2-bahasai.ldf 2018/01/10 v1.01
))
(C:\Users\E J A\AppData\Local\Programs\MiKTeX\tex/latex/biblatex-chicago\biblat
ex-chicago.sty
Package: biblatex-chicago 2022/07/02 v 3.18 biblatex style

(C:\Users\E J A\AppData\Local\Programs\MiKTeX\tex/latex/xstring\xstring.sty
(C:\Users\E J A\AppData\Local\Programs\MiKTeX\tex/generic/xstring\xstring.tex
\xs_counta=\count348
\xs_countb=\count349
)
Package: xstring 2023/08/22 v1.86 String manipulations (CT)
) (C:\Users\E J A\AppData\Local\Programs\MiKTeX\tex/latex/biblatex\biblatex.sty
Package: biblatex 2023/03/05 v3.19 programmable bibliographies (PK/MW)

(C:\Users\E J A\AppData\Local\Programs\MiKTeX\tex/latex/logreq\logreq.sty
Package: logreq 2010/08/04 v1.0 xml request logger
\lrq@indent=\count350

(C:\Users\E J A\AppData\Local\Programs\MiKTeX\tex/latex/logreq\logreq.def
File: logreq.def 2010/08/04 v1.0 logreq spec v1.0
))
(C:\Users\E J A\AppData\Local\Programs\MiKTeX\tex/latex/base\ifthen.sty
Package: ifthen 2022/04/13 v1.1d Standard LaTeX ifthen package (DPC)
)
\c@tabx@nest=\count351
\c@listtotal=\count352
\c@listcount=\count353
\c@liststart=\count354
\c@liststop=\count355
\c@citecount=\count356
\c@citetotal=\count357
\c@multicitecount=\count358
\c@multicitetotal=\count359
\c@instcount=\count360
\c@maxnames=\count361
\c@minnames=\count362
\c@maxitems=\count363
\c@minitems=\count364
\c@citecounter=\count365
\c@maxcitecounter=\count366
\c@savedcitecounter=\count367
\c@uniquelist=\count368
\c@uniquename=\count369
\c@refsection=\count370
\c@refsegment=\count371
\c@maxextratitle=\count372
\c@maxextratitleyear=\count373
\c@maxextraname=\count374
\c@maxextradate=\count375
\c@maxextraalpha=\count376
\c@abbrvpenalty=\count377
\c@highnamepenalty=\count378
\c@lownamepenalty=\count379
\c@maxparens=\count380
\c@parenlevel=\count381
\blx@tempcnta=\count382
\blx@tempcntb=\count383
\blx@tempcntc=\count384
\c@blx@maxsection=\count385
\blx@maxsegment@0=\count386
\blx@notetype=\count387
\blx@parenlevel@text=\count388
\blx@parenlevel@foot=\count389
\blx@sectionciteorder@0=\count390
\blx@sectionciteorderinternal@0=\count391
\blx@entrysetcounter=\count392
\blx@biblioinstance=\count393
\labelnumberwidth=\skip113
\labelalphawidth=\skip114
\biblabelsep=\skip115
\bibitemsep=\skip116
\bibnamesep=\skip117
\bibinitsep=\skip118
\bibparsep=\skip119
\bibhang=\skip120
\blx@bcfin=\read3
\blx@bcfout=\write3
\blx@langwohyphens=\language80
\c@mincomprange=\count394
\c@maxcomprange=\count395
\c@mincompwidth=\count396
Package biblatex Info: Trying to load biblatex default data model...
Package biblatex Info: ... file 'blx-dm.def' found.

(C:\Users\E J A\AppData\Local\Programs\MiKTeX\tex/latex/biblatex\blx-dm.def
File: blx-dm.def 2023/03/05 v3.19 biblatex localization (PK/MW)
)
Package biblatex Info: Trying to load biblatex style data model...
Package biblatex Info: ... file 'chicago-authordate.dbx' not found.
Package biblatex Info: Trying to load biblatex custom data model...
Package biblatex Info: ... file 'biblatex-dm.cfg' not found.
\c@afterword=\count397
\c@savedafterword=\count398
\c@annotator=\count399
\c@savedannotator=\count400
\c@author=\count401
\c@savedauthor=\count402
\c@bookauthor=\count403
\c@savedbookauthor=\count404
\c@commentator=\count405
\c@savedcommentator=\count406
\c@editor=\count407
\c@savededitor=\count408
\c@editora=\count409
\c@savededitora=\count410
\c@editorb=\count411
\c@savededitorb=\count412
\c@editorc=\count413
\c@savededitorc=\count414
\c@foreword=\count415
\c@savedforeword=\count416
\c@holder=\count417
\c@savedholder=\count418
\c@introduction=\count419
\c@savedintroduction=\count420
\c@namea=\count421
\c@savednamea=\count422
\c@nameb=\count423
\c@savednameb=\count424
\c@namec=\count425
\c@savednamec=\count426
\c@translator=\count427
\c@savedtranslator=\count428
\c@shortauthor=\count429
\c@savedshortauthor=\count430
\c@shorteditor=\count431
\c@savedshorteditor=\count432
\c@labelname=\count433
\c@savedlabelname=\count434
\c@institution=\count435
\c@savedinstitution=\count436
\c@lista=\count437
\c@savedlista=\count438
\c@listb=\count439
\c@savedlistb=\count440
\c@listc=\count441
\c@savedlistc=\count442
\c@listd=\count443
\c@savedlistd=\count444
\c@liste=\count445
\c@savedliste=\count446
\c@listf=\count447
\c@savedlistf=\count448
\c@location=\count449
\c@savedlocation=\count450
\c@organization=\count451
\c@savedorganization=\count452
\c@origlocation=\count453
\c@savedoriglocation=\count454
\c@origpublisher=\count455
\c@savedorigpublisher=\count456
\c@publisher=\count457
\c@savedpublisher=\count458
\c@language=\count459
\c@savedlanguage=\count460
\c@origlanguage=\count461
\c@savedoriglanguage=\count462
\c@pageref=\count463
\c@savedpageref=\count464
\shorthandwidth=\skip121
\shortjournalwidth=\skip122
\shortserieswidth=\skip123
\shorttitlewidth=\skip124
\shortauthorwidth=\skip125
\shorteditorwidth=\skip126
\locallabelnumberwidth=\skip127
\locallabelalphawidth=\skip128
\localshorthandwidth=\skip129
\localshortjournalwidth=\skip130
\localshortserieswidth=\skip131
\localshorttitlewidth=\skip132
\localshortauthorwidth=\skip133
\localshorteditorwidth=\skip134
Package biblatex Info: Trying to load enhanced support for Unicode engines...
Package biblatex Info: ... file 'blx-unicode.def' found.

(C:\Users\E J A\AppData\Local\Programs\MiKTeX\tex/latex/biblatex\blx-unicode.de
f)
Package biblatex Info: Trying to load compatibility code...
Package biblatex Info: ... file 'blx-compat.def' found.

(C:\Users\E J A\AppData\Local\Programs\MiKTeX\tex/latex/biblatex\blx-compat.def
File: blx-compat.def 2023/03/05 v3.19 biblatex compatibility (PK/MW)
)
Package biblatex Info: Trying to load generic definitions...
Package biblatex Info: ... file 'biblatex.def' found.
 (C:\Users\E J A\AppData\Local\Programs\MiKTeX\tex/latex/biblatex\biblatex.def
File: biblatex.def 2023/03/05 v3.19 biblatex compatibility (PK/MW)
\c@textcitecount=\count465
\c@textcitetotal=\count466
\c@textcitemaxnames=\count467
\c@biburlbigbreakpenalty=\count468
\c@biburlbreakpenalty=\count469
\c@biburlnumpenalty=\count470
\c@biburlucpenalty=\count471
\c@biburllcpenalty=\count472
\biburlbigskip=\muskip18
\biburlnumskip=\muskip19
\biburlucskip=\muskip20
\biburllcskip=\muskip21
\c@smartand=\count473
)
Package biblatex Info: Trying to load bibliography style 'chicago-authordate'..
.
Package biblatex Info: ... file 'chicago-authordate.bbx' found.

(C:\Users\E J A\AppData\Local\Programs\MiKTeX\tex/latex/biblatex-chicago\chicag
o-authordate.bbx
File: chicago-authordate.bbx 2022/11/17 v 3.18b biblatex bibliography style
\lositemsep=\skip135
Package biblatex Info: Delimiter 'revsdnamedelim' in context '' already defined
, overwriting.
\cms@tempcnta=\count474
\cms@tempcntb=\count475
\c@bbx:relatedcount=\count476
\c@bbx:relatedtotal=\count477
)
Package biblatex Info: Trying to load citation style 'chicago-authordate'...
Package biblatex Info: ... file 'chicago-authordate.cbx' found.

(C:\Users\E J A\AppData\Local\Programs\MiKTeX\tex/latex/biblatex-chicago\chicag
o-authordate.cbx
File: chicago-authordate.cbx 2022/07/02 v 3.18 biblatex citation style
Package biblatex Info: Trying to load citation style 'chicago-dates-common'...
Package biblatex Info: ... file 'chicago-dates-common.cbx' found.

(C:\Users\E J A\AppData\Local\Programs\MiKTeX\tex/latex/biblatex-chicago\chicag
o-dates-common.cbx
File: chicago-dates-common.cbx 2024/04/15 v 3.20 biblatex citation style
Package biblatex Info: Redefining '\cite'.
Package biblatex Info: Redefining '\parencite'.
Package biblatex Info: Redefining '\footcite'.
Package biblatex Info: Redefining '\footcitetext'.
Package biblatex Info: Redefining '\citetitle'.
Package biblatex Info: Redefining '\footfullcite'.
Package biblatex Info: Redefining '\fullcite'.
Package biblatex Info: Redefining '\textcite'.
Package biblatex Info: Redefining '\textcites'.
Package biblatex Info: Redefining '\cites'.
Package biblatex Info: Redefining '\parencites'.
Package biblatex Info: Redefining '\footcites'.
Package biblatex Info: Redefining '\footcitetexts'.
\c@cms@punct=\count478
Package biblatex Info: Delimiter 'dateeradelim' in context '' already defined, 
overwriting.
))
Package biblatex Info: Trying to load configuration file...
Package biblatex Info: ... file 'biblatex.cfg' found.

(C:\Users\E J A\AppData\Local\Programs\MiKTeX\tex/latex/biblatex\biblatex.cfg
File: biblatex.cfg 
)
Package biblatex Info: XeTeX detected.
(biblatex)             Assuming input encoding 'utf8'.
Package biblatex Info: Document encoding is UTF8 ....
Package biblatex Info: ... and expl3
(biblatex)             2024-01-04 L3 programming layer (loader) 
(biblatex)             is new enough (at least 2020/04/06),
(biblatex)             setting 'casechanger=expl3'.

(C:\Users\E J A\AppData\Local\Programs\MiKTeX\tex/latex/biblatex\blx-case-expl3
.sty
Package: blx-case-expl3 2023/03/05 v3.19 expl3 case changing code for biblatex
)))
Package hyperref Info: Option `colorlinks' set `true' on input line 164.
Package csquotes Info: Checking for multilingual support...
Package csquotes Info: ... found 'babel' package.
Package csquotes Info: Adjusting default style.


Package csquotes Warning: No style for language 'indonesian'.
(csquotes)                Using fallback style on input line 205.

Package csquotes Info: Redefining alias 'default' -> 'fallback'.
(ProposalTA.aux
(C:\Users\E J A\AppData\Local\Programs\MiKTeX\tex/generic/babel/locale/en\babel
-english.tex
Package babel Info: Importing basic data for english
(babel)             from babel-en.ini. Reported on input line 11.
))
\openout1 = `ProposalTA.aux'.

LaTeX Font Info:    Checking defaults for OML/cmm/m/it on input line 205.
LaTeX Font Info:    ... okay on input line 205.
LaTeX Font Info:    Checking defaults for OMS/cmsy/m/n on input line 205.
LaTeX Font Info:    ... okay on input line 205.
LaTeX Font Info:    Checking defaults for OT1/cmr/m/n on input line 205.
LaTeX Font Info:    ... okay on input line 205.
LaTeX Font Info:    Checking defaults for T1/cmr/m/n on input line 205.
LaTeX Font Info:    ... okay on input line 205.
LaTeX Font Info:    Checking defaults for TS1/cmr/m/n on input line 205.
LaTeX Font Info:    Trying to load font information for TS1+cmr on input line 2
05.

(C:\Users\E J A\AppData\Local\Programs\MiKTeX\tex/latex/base\ts1cmr.fd
File: ts1cmr.fd 2023/04/13 v2.5m Standard LaTeX font definitions
)
LaTeX Font Info:    ... okay on input line 205.
LaTeX Font Info:    Checking defaults for TU/lmr/m/n on input line 205.
LaTeX Font Info:    ... okay on input line 205.
LaTeX Font Info:    Checking defaults for OMX/cmex/m/n on input line 205.
LaTeX Font Info:    ... okay on input line 205.
LaTeX Font Info:    Checking defaults for U/cmr/m/n on input line 205.
LaTeX Font Info:    ... okay on input line 205.
LaTeX Font Info:    Checking defaults for PD1/pdf/m/n on input line 205.
LaTeX Font Info:    ... okay on input line 205.
LaTeX Font Info:    Checking defaults for PU/pdf/m/n on input line 205.
LaTeX Font Info:    ... okay on input line 205.

Package fontspec Info: Adjusting the maths setup (use [no-math] to avoid
(fontspec)             this).

\symlegacymaths=\mathgroup6
LaTeX Font Info:    Overwriting symbol font `legacymaths' in version `bold'
(Font)                  OT1/cmr/m/n --> OT1/cmr/bx/n on input line 205.
LaTeX Font Info:    Redeclaring math accent \acute on input line 205.
LaTeX Font Info:    Redeclaring math accent \grave on input line 205.
LaTeX Font Info:    Redeclaring math accent \ddot on input line 205.
LaTeX Font Info:    Redeclaring math accent \tilde on input line 205.
LaTeX Font Info:    Redeclaring math accent \bar on input line 205.
LaTeX Font Info:    Redeclaring math accent \breve on input line 205.
LaTeX Font Info:    Redeclaring math accent \check on input line 205.
LaTeX Font Info:    Redeclaring math accent \hat on input line 205.
LaTeX Font Info:    Redeclaring math accent \dot on input line 205.
LaTeX Font Info:    Redeclaring math accent \mathring on input line 205.
LaTeX Font Info:    Redeclaring math symbol \Gamma on input line 205.
LaTeX Font Info:    Redeclaring math symbol \Delta on input line 205.
LaTeX Font Info:    Redeclaring math symbol \Theta on input line 205.
LaTeX Font Info:    Redeclaring math symbol \Lambda on input line 205.
LaTeX Font Info:    Redeclaring math symbol \Xi on input line 205.
LaTeX Font Info:    Redeclaring math symbol \Pi on input line 205.
LaTeX Font Info:    Redeclaring math symbol \Sigma on input line 205.
LaTeX Font Info:    Redeclaring math symbol \Upsilon on input line 205.
LaTeX Font Info:    Redeclaring math symbol \Phi on input line 205.
LaTeX Font Info:    Redeclaring math symbol \Psi on input line 205.
LaTeX Font Info:    Redeclaring math symbol \Omega on input line 205.
LaTeX Font Info:    Redeclaring math symbol \mathdollar on input line 205.
LaTeX Font Info:    Redeclaring symbol font `operators' on input line 205.
LaTeX Font Info:    Encoding `OT1' has changed to `TU' for symbol font
(Font)              `operators' in the math version `normal' on input line 205.

LaTeX Font Info:    Overwriting symbol font `operators' in version `normal'
(Font)                  OT1/cmr/m/n --> TU/TimesNewRoman(0)/m/n on input line 2
05.
LaTeX Font Info:    Encoding `OT1' has changed to `TU' for symbol font
(Font)              `operators' in the math version `bold' on input line 205.
LaTeX Font Info:    Overwriting symbol font `operators' in version `bold'
(Font)                  OT1/cmr/bx/n --> TU/TimesNewRoman(0)/m/n on input line 
205.
LaTeX Font Info:    Overwriting symbol font `operators' in version `normal'
(Font)                  TU/TimesNewRoman(0)/m/n --> TU/TimesNewRoman(0)/m/n on 
input line 205.
LaTeX Font Info:    Overwriting math alphabet `\mathit' in version `normal'
(Font)                  OT1/cmr/m/it --> TU/TimesNewRoman(0)/m/it on input line
 205.
LaTeX Font Info:    Overwriting math alphabet `\mathbf' in version `normal'
(Font)                  OT1/cmr/bx/n --> TU/TimesNewRoman(0)/b/n on input line 
205.
LaTeX Font Info:    Overwriting math alphabet `\mathsf' in version `normal'
(Font)                  OT1/cmss/m/n --> TU/lmss/m/n on input line 205.
LaTeX Font Info:    Overwriting math alphabet `\mathtt' in version `normal'
(Font)                  OT1/cmtt/m/n --> TU/lmtt/m/n on input line 205.
LaTeX Font Info:    Overwriting symbol font `operators' in version `bold'
(Font)                  TU/TimesNewRoman(0)/m/n --> TU/TimesNewRoman(0)/b/n on 
input line 205.
LaTeX Font Info:    Overwriting math alphabet `\mathit' in version `bold'
(Font)                  OT1/cmr/bx/it --> TU/TimesNewRoman(0)/b/it on input lin
e 205.
LaTeX Font Info:    Overwriting math alphabet `\mathsf' in version `bold'
(Font)                  OT1/cmss/bx/n --> TU/lmss/b/n on input line 205.
LaTeX Font Info:    Overwriting math alphabet `\mathtt' in version `bold'
(Font)                  OT1/cmtt/m/n --> TU/lmtt/b/n on input line 205.

*geometry* driver: auto-detecting
*geometry* detected driver: xetex
*geometry* verbose mode - [ preamble ] result:
* driver: xetex
* paper: a4paper
* layout: <same size as paper>
* layoutoffset:(h,v)=(0.0pt,0.0pt)
* modes: 
* h-part:(L,W,R)=(113.81102pt, 398.3386pt, 85.35826pt)
* v-part:(T,H,B)=(85.35826pt, 674.33032pt, 85.35826pt)
* \paperwidth=597.50787pt
* \paperheight=845.04684pt
* \textwidth=398.3386pt
* \textheight=674.33032pt
* \oddsidemargin=41.54103pt
* \evensidemargin=41.54103pt
* \topmargin=-18.78552pt
* \headheight=12.0pt
* \headsep=19.8738pt
* \topskip=12.0pt
* \footskip=30.0pt
* \marginparwidth=38.0pt
* \marginparsep=7.0pt
* \columnsep=10.0pt
* \skip\footins=10.8pt plus 4.0pt minus 2.0pt
* \hoffset=0.0pt
* \voffset=0.0pt
* \mag=1000
* \@twocolumnfalse
* \@twosidefalse
* \@mparswitchfalse
* \@reversemarginfalse
* (1in=72.27pt=25.4mm, 1cm=28.453pt)

Package caption Info: Begin \AtBeginDocument code.
Package caption Info: float package is loaded.
Package caption Info: floatrow package is loaded.
Package caption Info: floatrow package is loaded.
Package caption Info: hyperref package is loaded.
Package caption Info: listings package is loaded.
Package caption Info: longtable package is loaded.
(C:\Users\E J A\AppData\Local\Programs\MiKTeX\tex/latex/caption\ltcaption.sty
Package: ltcaption 2021/01/08 v1.4c longtable captions (AR)
)
Package caption Info: Fixing longtable code of `floatrow' package.
Package caption Info: End \AtBeginDocument code.

(C:\Users\E J A\AppData\Local\Programs\MiKTeX\tex/latex/graphics\color.sty
Package: color 2022/01/06 v1.3d Standard LaTeX Color (DPC)

(C:\Users\E J A\AppData\Local\Programs\MiKTeX\tex/latex/graphics-cfg\color.cfg
File: color.cfg 2016/01/02 v1.6 sample color configuration
)
Package color Info: Driver file: xetex.def on input line 149.
(C:\Users\E J A\AppData\Local\Programs\MiKTeX\tex/latex/graphics\mathcolor.ltx)
)
Package hyperref Info: Link coloring ON on input line 205.
 (ProposalTA.out) (ProposalTA.out)
\@outlinefile=\write4
\openout4 = `ProposalTA.out'.


(C:\Users\E J A\AppData\Local\Programs\MiKTeX\tex/latex/floatrow\fr-longtable.s
ty
Package: fr-longtable 2007/11/28 v0.1b (beta) floatrow: additions for longtable

\flrow@LT@lasthead=\box69
\flrow@LT@prelastfoot=\box70
\c@FBLTpage=\count479
)
\c@lstlisting=\count480
Package biblatex Info: Trying to load language 'indonesian'...
Package biblatex Info: ... file 'indonesian.lbx' not found.


Package biblatex Warning: Language 'indonesian' not supported.
(biblatex)                Using dummy definitions on input line 205.

Package biblatex Info: Trying to load language 'english'...
Package biblatex Info: ... file 'english.lbx' found.

(C:\Users\E J A\AppData\Local\Programs\MiKTeX\tex/latex/biblatex/lbx\english.lb
x
File: english.lbx 2023/03/05 v3.19 biblatex localization (PK/MW)
)
Package biblatex Info: XeTeX detected.
(biblatex)             Assuming input encoding 'utf8'.
Package biblatex Info: Automatic encoding selection.
(biblatex)             Assuming data encoding 'utf8'.
\openout3 = `ProposalTA.bcf'.

Package biblatex Info: Trying to load bibliographic data...
Package biblatex Info: ... file 'ProposalTA.bbl' found.
 (ProposalTA.bbl)
Package biblatex Info: Reference section=0 on input line 205.
Package biblatex Info: Reference segment=0 on input line 205.
File: image/ganesha.jpg Graphic file (type bmp)
<image/ganesha.jpg>


Package datetime2 Warning: Region `bahasai' has ignored 
(datetime2)                the following settings:
(datetime2)                showmonthname=true
 on input line 247.

[1


] [1] (ProposalTA.toc
LaTeX Font Info:    Trying to load font information for U+msa on input line 12.


(C:\Users\E J A\AppData\Local\Programs\MiKTeX\tex/latex/amsfonts\umsa.fd
File: umsa.fd 2013/01/14 v3.01 AMS symbols A
)
LaTeX Font Info:    Trying to load font information for U+msb on input line 12.


(C:\Users\E J A\AppData\Local\Programs\MiKTeX\tex/latex/amsfonts\umsb.fd
File: umsb.fd 2013/01/14 v3.01 AMS symbols B
)
Overfull \hbox (1.60182pt too wide) in paragraph at lines 207--207
 [] [][][]\TU/TimesNewRoman(0)/m/n/12 Analisis Kerentanan Autentikasi Seluler B
erbasis kode QR ([][]Sung dkk. 
 []

[2

])
\tf@toc=\write5
\openout5 = `ProposalTA.toc'.

 [3] (ProposalTA.lof)
\tf@lof=\write6
\openout6 = `ProposalTA.lof'.

 [4] (ProposalTA.lot)
\tf@lot=\write7
\openout7 = `ProposalTA.lot'.

 [5] (Bab I - Pendahuluan.tex
Bab I.

Package biblatex-chicago Warning: Empty Ibidem citation on input line 9.

[1


] [2] [3] [4]
Overfull \hbox (3.77078pt too wide) in paragraph at lines 33--34
[]\TU/TimesNewRoman(0)/m/n/12 Bagaimana merancang arsitektur sistem \TU/TimesNe
wRoman(0)/m/it/12 e-ticket \TU/TimesNewRoman(0)/m/n/12 berbasis token dinamis (
\TU/TimesNewRoman(0)/m/it/12 Dyna-
 []

[5] [6]
File: image/waterfall.png Graphic file (type bmp)
<image/waterfall.png>
 [7]) (Bab II - Studi-Literatur.tex [8]
Bab II.
[9

] [10]
File: image/struktur_qrcode.png Graphic file (type bmp)
<image/struktur_qrcode.png>


Package biblatex-chicago Warning: Empty Ibidem citation on input line 44.


LaTeX Warning: `h' float specifier changed to `ht'.

[11]

Package biblatex-chicago Warning: Empty Ibidem citation on input line 66.


Package biblatex-chicago Warning: Empty Ibidem citation on input line 70.


Package biblatex-chicago Warning: Empty Ibidem citation on input line 88.

[12] [13] [14]
Overfull \hbox (1.06375pt too wide) in paragraph at lines 129--130
[]\TU/TimesNewRoman(0)/m/n/12 Rekayasa Balik (\TU/TimesNewRoman(0)/m/it/12 Reve
rse Engineering\TU/TimesNewRoman(0)/m/n/12 ): Serangan ini menargetkan logika a
pli-
 []

[15]
Overfull \hbox (5.52469pt too wide) in paragraph at lines 138--139
\TU/TimesNewRoman(0)/m/n/12 sep fundamental dalam keamanan informasi modern yan
g diperkenalkan untuk meng-
 []

[16]
File: image/encrypt_1.png Graphic file (type bmp)
<image/encrypt_1.png>
File: image/encrypt_2.png Graphic file (type bmp)
<image/encrypt_2.png>


Package biblatex-chicago Warning: Empty Ibidem citation on input line 170.

[17] [18] [19] [20]

Package hyperref Warning: Token not allowed in a PDF string (Unicode):
(hyperref)                removing `\parencite' on input line 248.

[21]

Package hyperref Warning: Token not allowed in a PDF string (Unicode):
(hyperref)                removing `\parencite' on input line 255.

[22]

Package hyperref Warning: Token not allowed in a PDF string (Unicode):
(hyperref)                removing `\parencite' on input line 262.

[23]) (Bab III - Analisis-Masalah.tex [24]
Bab III.

Overfull \hbox (2.8743pt too wide) in paragraph at lines 11--12
\TU/TimesNewRoman(0)/m/n/12 Berdasarkan tinjauan terhadap sistem pertiketan ele
ktronik konvensional yang umum
 []

File: image/TA-model_konseptual.png Graphic file (type bmp)
<image/TA-model_konseptual.png>
[25

] [26] [27]
Overfull \hbox (11.36829pt too wide) in alignment at lines 56--61
 [] [] [] 
 []


Overfull \hbox (11.36829pt too wide) in alignment at lines 61--67
 [] [] [] 
 []


Overfull \hbox (11.36829pt too wide) in alignment at lines 67--71
 [] [] [] 
 []


Overfull \hbox (11.36829pt too wide) in alignment at lines 71--74
 [] [] [] 
 []


Underfull \hbox (badness 10000) in paragraph at lines 78--78
[]|\TU/TimesNewRoman(0)/m/n/12 Pembangkitan kode QR
 []


Underfull \hbox (badness 1496) in paragraph at lines 88--89
[]|\TU/TimesNewRoman(0)/m/n/12 Aplikasi pemindai memiliki penyimpanan
 []


Underfull \hbox (badness 1762) in paragraph at lines 88--89
\TU/TimesNewRoman(0)/m/n/12 tiket yang baru saja dipindai guna men-
 []


Underfull \hbox (badness 10000) in paragraph at lines 90--90
[]|\TU/TimesNewRoman(0)/m/n/12 Sinkronisasi Asinkron
 []


Overfull \hbox (11.36829pt too wide) in alignment at lines 74--93
 [] [] [] 
 []

[28]
Overfull \hbox (20.0343pt too wide) in alignment at lines 98--103
 [] [] [] 
 []


Overfull \hbox (20.0343pt too wide) in alignment at lines 103--109
 [] [] [] 
 []


Overfull \hbox (20.0343pt too wide) in alignment at lines 109--113
 [] [] [] 
 []


Overfull \hbox (20.0343pt too wide) in alignment at lines 113--116
 [] [] [] 
 []


Underfull \hbox (badness 1325) in paragraph at lines 122--123
[]|\TU/TimesNewRoman(0)/m/n/12 Fitur validasi tiket utama harus memiliki
 []


Underfull \hbox (badness 2486) in paragraph at lines 124--124
[]|\TU/TimesNewRoman(0)/m/n/12 Kompatibilitas (\TU/TimesNewRoman(0)/m/it/12 Com
pati-
 []


Overfull \hbox (20.0343pt too wide) in alignment at lines 116--127
 [] [] [] 
 []

[29]
Underfull \hbox (badness 10000) in paragraph at lines 136--137

 []

[30]
Underfull \hbox (badness 10000) in paragraph at lines 138--139

 []

[31]
Underfull \hbox (badness 10000) in paragraph at lines 140--141

 []

[32] [33]) (Bab IV - Desain-Konsep-Solusi.tex [34]
Bab IV.
File: image/TA-model_konseptual.png Graphic file (type bmp)
<image/TA-model_konseptual.png>
[35

]
File: image/TA-model_konseptual_to-be.png Graphic file (type bmp)
<image/TA-model_konseptual_to-be.png>

Overfull \hbox (11.94852pt too wide) in paragraph at lines 37--38
[]\TU/TimesNewRoman(0)/m/n/12 Pembangkitan Tiket Dinamis: Mekanisme perubahan k
ode secara terus-menerus
 []

[36] [37]
Underfull \hbox (badness 10000) in paragraph at lines 72--73
\TU/TimesNewRoman(0)/m/n/12 kitkan ulang (\TU/TimesNewRoman(0)/m/it/12 regenera
ted\TU/TimesNewRoman(0)/m/n/12 )
 []


Underfull \hbox (badness 1590) in paragraph at lines 74--74
[]|\TU/TimesNewRoman(0)/m/n/12 Permanen (selama tiket be-
 []


Underfull \hbox (badness 1590) in paragraph at lines 76--76
\TU/TimesNewRoman(0)/m/n/12 berkas dan tangkapan layar
 []


Underfull \hbox (badness 10000) in paragraph at lines 76--77
[]|\TU/TimesNewRoman(0)/m/n/12 Tahan terhadap \TU/TimesNewRoman(0)/m/it/12 scre
enshot
 []


Underfull \hbox (badness 10000) in paragraph at lines 76--77
\TU/TimesNewRoman(0)/m/n/12 karena kode visual akan
 []


Underfull \hbox (badness 10000) in paragraph at lines 80--80
[]|\TU/TimesNewRoman(0)/m/n/12 Ketergantungan
 []


Underfull \hbox (badness 1122) in paragraph at lines 80--80
[]|\TU/TimesNewRoman(0)/m/n/12 Tinggi (memerlukan sinkro-
 []


Overfull \hbox (9.1472pt too wide) in paragraph at lines 68--83
 [][] 
 []

[38]
File: image/TA-flowchart-generasi.png Graphic file (type bmp)
<image/TA-flowchart-generasi.png>
 [39]
File: image/TA-flowchart-validasi.png Graphic file (type bmp)
<image/TA-flowchart-validasi.png>
 [40]) (Bab V - Rencana-Selanjutnya.tex [41]
Bab V.

Underfull \hbox (badness 10000) in paragraph at lines 35--35
[]|\TU/TimesNewRoman(0)/b/n/12 Perangkat
 []


Underfull \hbox (badness 10000) in paragraph at lines 35--35
[]|\TU/TimesNewRoman(0)/m/n/12 Komputer Pe-
 []


Underfull \hbox (badness 10000) in paragraph at lines 37--37
[]|\TU/TimesNewRoman(0)/m/n/12 Perangkat Uji
 []


Underfull \hbox (badness 10000) in paragraph at lines 40--40
[]|\TU/TimesNewRoman(0)/b/n/12 Perangkat
 []


Underfull \hbox (badness 10000) in paragraph at lines 42--42
[]|\TU/TimesNewRoman(0)/m/n/12 Database Pla-
 []


Underfull \hbox (badness 4279) in paragraph at lines 42--43
[]|\TU/TimesNewRoman(0)/b/n/12 Supabase \TU/TimesNewRoman(0)/m/n/12 (PostgreSQL
) sebagai layanan
 []


Underfull \hbox (badness 5504) in paragraph at lines 44--44
[]|\TU/TimesNewRoman(0)/m/n/12 Mobile Applica-
 []


Underfull \hbox (badness 3482) in paragraph at lines 46--47
\TU/TimesNewRoman(0)/m/n/12 (Digital Signature), \TU/lmtt/m/n/12 hashlib/hmac \
TU/TimesNewRoman(0)/m/n/12 (Key
 []

[42

] [43]
Underfull \hbox (badness 10000) in paragraph at lines 89--89
[]|\TU/TimesNewRoman(0)/m/n/12 Uji Pembangkitan
 []


Underfull \hbox (badness 10000) in paragraph at lines 91--91
[]|\TU/TimesNewRoman(0)/m/n/12 Uji Tanda Tangan
 []


Underfull \hbox (badness 10000) in paragraph at lines 102--103
[]|\TU/TimesNewRoman(0)/b/n/12 Hasil yang Diha-
 []


Overfull \hbox (9.14719pt too wide) in alignment at lines 98--104
 [] [] [] 
 []


Underfull \hbox (badness 10000) in paragraph at lines 108--109
[]|\TU/TimesNewRoman(0)/b/n/12 Hasil yang Diha-
 []


Overfull \hbox (9.14719pt too wide) in alignment at lines 104--110
 [] [] [] 
 []


Overfull \hbox (9.14719pt too wide) in alignment at lines 110--114
 [] [] [] 
 []


Overfull \hbox (9.14719pt too wide) in alignment at lines 114--116
 [] [] [] 
 []


Underfull \hbox (badness 1242) in paragraph at lines 120--120
[]|\TU/TimesNewRoman(0)/m/n/12 Mematikan koneksi internet pada
 []


Underfull \hbox (badness 10000) in paragraph at lines 120--121
[]|\TU/TimesNewRoman(0)/m/n/12 Akses Diterima
 []


Underfull \hbox (badness 10000) in paragraph at lines 120--121
\TU/TimesNewRoman(0)/m/n/12 (Membuktikan
 []


Underfull \hbox (badness 10000) in paragraph at lines 120--121
\TU/TimesNewRoman(0)/m/n/12 fitur \TU/TimesNewRoman(0)/m/it/12 Key Deriva-
 []


Underfull \hbox (badness 10000) in paragraph at lines 120--121
\TU/TimesNewRoman(0)/m/it/12 tion \TU/TimesNewRoman(0)/m/n/12 bekerja tanpa
 []


Underfull \hbox (badness 1596) in paragraph at lines 122--122
[]|\TU/TimesNewRoman(0)/m/n/12 Mengambil \TU/TimesNewRoman(0)/m/it/12 screensho
t \TU/TimesNewRoman(0)/m/n/12 tiket, me-
 []


Underfull \hbox (badness 10000) in paragraph at lines 122--123
[]|\TU/TimesNewRoman(0)/m/n/12 Akses Ditolak
 []


Underfull \hbox (badness 10000) in paragraph at lines 122--123
\TU/TimesNewRoman(0)/m/n/12 (Token Expired/In-
 []


Underfull \hbox (badness 8000) in paragraph at lines 124--125
[]|\TU/TimesNewRoman(0)/m/n/12 Akses Ditolak pa-
 []


Underfull \hbox (badness 2547) in paragraph at lines 126--126
[]|\TU/TimesNewRoman(0)/m/n/12 Memodifikasi \TU/TimesNewRoman(0)/m/it/12 payloa
d \TU/TimesNewRoman(0)/m/n/12 QR Code
 []


Overfull \hbox (9.14719pt too wide) in alignment at lines 116--128
 [] [] [] 
 []

[44] [45]) [46] [47


]
Overfull \hbox (2.75842pt too wide) in paragraph at lines 405--405
[][]\TU/TimesNewRoman(0)/m/n/12 Lbeck, Rafael Mendes, Milton Luiz Wittmann, da
n Luciana Flores Battistella. 2012.
 []


Overfull \hbox (7.72517pt too wide) in paragraph at lines 405--405
[][]\TU/TimesNewRoman(0)/m/n/12 Pamela, Dyah Ayu. 2023.   Tiket Konser Coldpla
y di Jakarta 2023 Dijual Calo Berkali-
 []

[48]
Overfull \hbox (2.06306pt too wide) in paragraph at lines 405--405
[][]\TU/TimesNewRoman(0)/m/n/12 Yanuarafi, Arisal. 2023.   Perbandingan QR Cod
e Statis dan QR Code Dinamis dalam
 []


Overfull \hbox (13.91933pt too wide) in paragraph at lines 405--405
\TU/TimesNewRoman(0)/m/n/12 Pengambilan Absen Pegawai di Lingkungan Universitas
 Bung Hatta. \TU/TimesNewRoman(0)/m/it/12 Al-Maarif:
 []


Package caption Warning: Unused \captionsetup[lstlisting] on input line 385.
See the caption package documentation for explanation.

[49] (ProposalTA.aux)
 ***********
LaTeX2e <2023-11-01> patch level 1
L3 programming layer <2024-01-04>
 ***********


LaTeX Warning: There were undefined references.

Package rerunfilecheck Info: File `ProposalTA.out' has not changed.
(rerunfilecheck)             Checksum: A2AD62BC2EA4692D41536DE33EA347D4;12920.

Package biblatex Warning: Please rerun LaTeX.

Package logreq Info: Writing requests to 'ProposalTA.run.xml'.
\openout1 = `ProposalTA.run.xml'.

 ) 
Here is how much of TeX's memory you used:
 31632 strings out of 409617
 621616 string characters out of 5774012
 1970773 words of memory out of 5000000
 53380 multiletter control sequences out of 15000+600000
 563274 words of font info for 80 fonts, out of 8000000 for 9000
 1348 hyphenation exceptions out of 8191
 79i,10n,93p,1815b,7911s stack positions out of 10000i,1000n,20000p,200000b,200000s

Output written on d:/TA\Repo TA\Eja-ProposalTA\ProposalTA.pdf (55 pages).
